<?xml version="1.0" encoding="UTF-8"?>
<!-- Generated by org.testng.reporters.JUnitReportReporter -->
<testsuite hostname="LAPTOP-4H9OMSJB" failures="0" tests="7" name="dataProviderExcel_testcases.Login_Testcases" time="63.245" errors="0" timestamp="2023-04-14T13:20:21 IST" skipped="0">
  <testcase classname="dataProviderExcel_testcases.Login_Testcases" name="invalid" time="6.584"/>
  <system-out/>
  <testcase classname="dataProviderExcel_testcases.Login_Testcases" name="invalid" time="7.323"/>
  <system-out/>
  <testcase classname="dataProviderExcel_testcases.Login_Testcases" name="invalid" time="7.859"/>
  <system-out/>
  <testcase classname="dataProviderExcel_testcases.Login_Testcases" name="invalid" time="7.546"/>
  <system-out/>
  <testcase classname="dataProviderExcel_testcases.Login_Testcases" name="valid" time="15.589"/>
  <system-out/>
  <testcase classname="dataProviderExcel_testcases.Login_Testcases" name="invalid" time="10.828"/>
  <system-out/>
  <testcase classname="dataProviderExcel_testcases.Login_Testcases" name="invalid" time="7.516"/>
  <system-out/>
</testsuite> <!-- dataProviderExcel_testcases.Login_Testcases -->
